Warning: ignoring unsupported tag `ALLOW_UNICODE_NAMES    =' at line 79, file /home/travis/build/matt2718/qdsp/docs/Doxyfile.travis
Warning: ignoring unsupported tag `GROUP_NESTED_COMPOUNDS =' at line 351, file /home/travis/build/matt2718/qdsp/docs/Doxyfile.travis
Warning: ignoring unsupported tag `HIDE_COMPOUND_REFERENCE=' at line 522, file /home/travis/build/matt2718/qdsp/docs/Doxyfile.travis
Warning: ignoring unsupported tag `WARN_AS_ERROR          =' at line 746, file /home/travis/build/matt2718/qdsp/docs/Doxyfile.travis
Warning: Tag `CLANG_ASSISTED_PARSING' at line 1020 of file /home/travis/build/matt2718/qdsp/docs/Doxyfile.travis belongs to an option that was not enabled at compile time.
To avoid this warning please remove this line from your configuration file, upgrade it using "doxygen -u", or recompile doxygen with this feature enabled.
Warning: Tag `CLANG_OPTIONS' at line 1028 of file /home/travis/build/matt2718/qdsp/docs/Doxyfile.travis belongs to an option that was not enabled at compile time.
To avoid this warning please remove this line from your configuration file, upgrade it using "doxygen -u", or recompile doxygen with this feature enabled.
Warning: ignoring unsupported tag `LATEX_EXTRA_STYLESHEET =' at line 1700, file /home/travis/build/matt2718/qdsp/docs/Doxyfile.travis
Warning: ignoring unsupported tag `LATEX_TIMESTAMP        =' at line 1767, file /home/travis/build/matt2718/qdsp/docs/Doxyfile.travis
Warning: ignoring unsupported tag `RTF_SOURCE_CODE        =' at line 1833, file /home/travis/build/matt2718/qdsp/docs/Doxyfile.travis
Warning: ignoring unsupported tag `MAN_SUBDIR             =' at line 1868, file /home/travis/build/matt2718/qdsp/docs/Doxyfile.travis
Warning: ignoring unsupported tag `DOCBOOK_PROGRAMLISTING =' at line 1931, file /home/travis/build/matt2718/qdsp/docs/Doxyfile.travis
Warning: ignoring unsupported tag `PLANTUML_JAR_PATH      =' at line 2362, file /home/travis/build/matt2718/qdsp/docs/Doxyfile.travis
Warning: ignoring unsupported tag `PLANTUML_INCLUDE_PATH  =' at line 2367, file /home/travis/build/matt2718/qdsp/docs/Doxyfile.travis
/home/travis/build/matt2718/qdsp/include/qdsp_interface.f90:1: warning: Compound qdsp_interface::qdspSetGridX is not documented.
/home/travis/build/matt2718/qdsp/include/qdsp_interface.f90:1: warning: Compound qdsp_interface::qdspSetGridY is not documented.
/home/travis/build/matt2718/qdsp/include/qdsp_interface.f90:1: warning: Compound qdsp_interface::qdspUpdateIfReady is not documented.
/home/travis/build/matt2718/qdsp/include/qdsp_interface.f90:1: warning: Compound qdsp_interface::qdspSetBounds is not documented.
/home/travis/build/matt2718/qdsp/include/qdsp.h:14: warning: Compound QDSPplot is not documented.
/home/travis/build/matt2718/qdsp/include/qdsp_interface.f90:1: warning: Compound qdsp_interface::qdspSetBGColor is not documented.
/home/travis/build/matt2718/qdsp/include/qdsp_interface.f90:1: warning: Compound qdsp_interface::qdspSetPointColor is not documented.
/home/travis/build/matt2718/qdsp/include/qdsp_interface.f90:1: warning: Compound qdsp_interface::qdspInit is not documented.
/home/travis/build/matt2718/qdsp/include/qdsp.h:66: warning: Member QDSPplot (typedef) of file qdsp.h is not documented.
/home/travis/build/matt2718/qdsp/include/qdsp.h:78: warning: unexpected token TK_EOF as the argument of ref
/home/travis/build/matt2718/qdsp/include/qdsp_interface.f90:-1: warning: Member qdspinit(title) (function) of class qdsp_interface::qdspInit is not documented.
/home/travis/build/matt2718/qdsp/include/qdsp_interface.f90:-1: warning: Member qdspsetbgcolor(plot, rgb) (function) of class qdsp_interface::qdspSetBGColor is not documented.
/home/travis/build/matt2718/qdsp/include/qdsp_interface.f90:-1: warning: Member qdspsetbounds(plot, xmin, xmax, ymin, ymax) (function) of class qdsp_interface::qdspSetBounds is not documented.
/home/travis/build/matt2718/qdsp/include/qdsp_interface.f90:-1: warning: Member qdspsetgridx(plot, point, interval, rgb) (function) of class qdsp_interface::qdspSetGridX is not documented.
/home/travis/build/matt2718/qdsp/include/qdsp_interface.f90:-1: warning: Member qdspsetgridy(plot, point, interval, rgb) (function) of class qdsp_interface::qdspSetGridY is not documented.
/home/travis/build/matt2718/qdsp/include/qdsp_interface.f90:-1: warning: Member qdspsetpointcolor(plot, rgb) (function) of class qdsp_interface::qdspSetPointColor is not documented.
/home/travis/build/matt2718/qdsp/include/qdsp_interface.f90:-1: warning: Member qdspupdateifready(plot, x, y, color, part_num) (function) of class qdsp_interface::qdspUpdateIfReady is not documented.
/home/travis/build/matt2718/qdsp/include/qdsp.h:15: warning: Member window (variable) of class QDSPplot is not documented.
/home/travis/build/matt2718/qdsp/include/qdsp.h:17: warning: Member title (variable) of class QDSPplot is not documented.
/home/travis/build/matt2718/qdsp/include/qdsp.h:19: warning: Member paused (variable) of class QDSPplot is not documented.
/home/travis/build/matt2718/qdsp/include/qdsp.h:20: warning: Member frozen (variable) of class QDSPplot is not documented.
/home/travis/build/matt2718/qdsp/include/qdsp.h:21: warning: Member overlay (variable) of class QDSPplot is not documented.
/home/travis/build/matt2718/qdsp/include/qdsp.h:22: warning: Member grid (variable) of class QDSPplot is not documented.
/home/travis/build/matt2718/qdsp/include/qdsp.h:24: warning: Member xAutoGrid (variable) of class QDSPplot is not documented.
/home/travis/build/matt2718/qdsp/include/qdsp.h:24: warning: Member yAutoGrid (variable) of class QDSPplot is not documented.
/home/travis/build/matt2718/qdsp/include/qdsp.h:24: warning: Member lastUpdate (variable) of class QDSPplot is not documented.
/home/travis/build/matt2718/qdsp/include/qdsp.h:28: warning: Member frameInterval (variable) of class QDSPplot is not documented.
/home/travis/build/matt2718/qdsp/include/qdsp.h:31: warning: Member xMin (variable) of class QDSPplot is not documented.
/home/travis/build/matt2718/qdsp/include/qdsp.h:31: warning: Member xMax (variable) of class QDSPplot is not documented.
/home/travis/build/matt2718/qdsp/include/qdsp.h:32: warning: Member yMin (variable) of class QDSPplot is not documented.
/home/travis/build/matt2718/qdsp/include/qdsp.h:32: warning: Member yMax (variable) of class QDSPplot is not documented.
/home/travis/build/matt2718/qdsp/include/qdsp.h:34: warning: Member connected (variable) of class QDSPplot is not documented.
/home/travis/build/matt2718/qdsp/include/qdsp.h:37: warning: Member pointsProgram (variable) of class QDSPplot is not documented.
/home/travis/build/matt2718/qdsp/include/qdsp.h:38: warning: Member pointsVAO (variable) of class QDSPplot is not documented.
/home/travis/build/matt2718/qdsp/include/qdsp.h:39: warning: Member pointsVBOx (variable) of class QDSPplot is not documented.
/home/travis/build/matt2718/qdsp/include/qdsp.h:40: warning: Member pointsVBOy (variable) of class QDSPplot is not documented.
/home/travis/build/matt2718/qdsp/include/qdsp.h:41: warning: Member pointsVBOrgb (variable) of class QDSPplot is not documented.
/home/travis/build/matt2718/qdsp/include/qdsp.h:43: warning: Member gridProgram (variable) of class QDSPplot is not documented.
/home/travis/build/matt2718/qdsp/include/qdsp.h:44: warning: Member gridVAOx (variable) of class QDSPplot is not documented.
/home/travis/build/matt2718/qdsp/include/qdsp.h:45: warning: Member gridVBOx (variable) of class QDSPplot is not documented.
/home/travis/build/matt2718/qdsp/include/qdsp.h:46: warning: Member gridVAOy (variable) of class QDSPplot is not documented.
/home/travis/build/matt2718/qdsp/include/qdsp.h:47: warning: Member gridVBOy (variable) of class QDSPplot is not documented.
/home/travis/build/matt2718/qdsp/include/qdsp.h:49: warning: Member textProgram (variable) of class QDSPplot is not documented.
/home/travis/build/matt2718/qdsp/include/qdsp.h:50: warning: Member textVAOx (variable) of class QDSPplot is not documented.
/home/travis/build/matt2718/qdsp/include/qdsp.h:51: warning: Member textVBOx (variable) of class QDSPplot is not documented.
/home/travis/build/matt2718/qdsp/include/qdsp.h:52: warning: Member textVAOy (variable) of class QDSPplot is not documented.
/home/travis/build/matt2718/qdsp/include/qdsp.h:53: warning: Member textVBOy (variable) of class QDSPplot is not documented.
/home/travis/build/matt2718/qdsp/include/qdsp.h:54: warning: Member numTexture (variable) of class QDSPplot is not documented.
/home/travis/build/matt2718/qdsp/include/qdsp.h:56: warning: Member overlayProgram (variable) of class QDSPplot is not documented.
/home/travis/build/matt2718/qdsp/include/qdsp.h:57: warning: Member overlayVAO (variable) of class QDSPplot is not documented.
/home/travis/build/matt2718/qdsp/include/qdsp.h:58: warning: Member overlayVBO (variable) of class QDSPplot is not documented.
/home/travis/build/matt2718/qdsp/include/qdsp.h:59: warning: Member overlayTexture (variable) of class QDSPplot is not documented.
/home/travis/build/matt2718/qdsp/include/qdsp.h:62: warning: Member numPoints (variable) of class QDSPplot is not documented.
/home/travis/build/matt2718/qdsp/include/qdsp.h:63: warning: Member numGridX (variable) of class QDSPplot is not documented.
/home/travis/build/matt2718/qdsp/include/qdsp.h:64: warning: Member numGridY (variable) of class QDSPplot is not documented.
Searching for include files...
Searching for example files...
Searching for images...
Searching for dot files...
Searching for msc files...
Searching for dia files...
Searching for files to exclude
Searching for files to process...
Searching for files in directory /home/travis/build/matt2718/qdsp/include
Reading and parsing tag files
Parsing files
Preprocessing /home/travis/build/matt2718/qdsp/include/qdsp.h...
Parsing file /home/travis/build/matt2718/qdsp/include/qdsp.h...
Reading /home/travis/build/matt2718/qdsp/include/qdsp_interface.f90...
Parsing file /home/travis/build/matt2718/qdsp/include/qdsp_interface.f90...
Building group list...
Building directory list...
Building namespace list...
Building file list...
Building class list...
Associating documentation with classes...
Computing nesting relations for classes...
Building example list...
Searching for enumerations...
Searching for documented typedefs...
Searching for members imported via using declarations...
Searching for included using directives...
Searching for documented variables...
Building interface member list...
Building member list...
Searching for friends...
Searching for documented defines...
Computing class inheritance relations...
Computing class usage relations...
Flushing cached template relations that have become invalid...
Creating members for template instances...
Computing class relations...
Add enum values to enums...
Searching for member function documentation...
Building page list...
Search for main page...
Computing page relations...
Determining the scope of groups...
Sorting lists...
Freeing entry tree
Determining which enums are documented
Computing member relations...
Building full member lists recursively...
Adding members to member groups.
Computing member references...
Inheriting documentation...
Generating disk names...
Adding source references...
Adding xrefitems...
Sorting member lists...
Computing dependencies between directories...
Generating citations page...
Counting data structures...
Resolving user defined references...
Finding anchors and sections in the documentation...
Transferring function references...
Combining using relations...
Adding members to index pages...
Generating style sheet...
Generating search indices...
Generating example documentation...
Generating file sources...
Generating code for file /home/travis/build/matt2718/qdsp/include/qdsp.h...
Generating file documentation...
Generating docs for file /home/travis/build/matt2718/qdsp/include/qdsp.h...
Generating page documentation...
Generating group documentation...
Generating class documentation...
Generating docs for compound qdsp_interface...
Generating docs for nested compound qdsp_interface::qdspInit...
Generating docs for nested compound qdsp_interface::qdspSetBGColor...
Generating docs for nested compound qdsp_interface::qdspSetBounds...
Generating docs for nested compound qdsp_interface::qdspSetGridX...
Generating docs for nested compound qdsp_interface::qdspSetGridY...
Generating docs for nested compound qdsp_interface::qdspSetPointColor...
Generating docs for nested compound qdsp_interface::qdspUpdateIfReady...
Generating docs for compound QDSPplot...
Generating namespace index...
Generating graph info page...
Generating directory documentation...
Generating dependency graph for directory /home/travis/build/matt2718/qdsp/include
Generating index page...
Generating page index...
Generating module index...
Generating namespace index...
Generating namespace member index...
Generating annotated compound index...
Generating alphabetical compound index...
Generating hierarchical class index...
Generating graphical class hierarchy...
Generating member index...
Generating file index...
Generating file member index...
Generating example index...
finalizing index lists...
Running dot...
Generating dot graphs using 9 parallel threads...
Running dot for graph 1/5
Running dot for graph 2/5
Running dot for graph 3/5
Running dot for graph 4/5
Running dot for graph 5/5
Patching output file 1/4
Patching output file 2/4
Patching output file 3/4
Patching output file 4/4
lookup cache used 65/65536 hits=262 misses=65
finished...
